<?xml version="1.0" encoding="UTF-8"?>
<coverage generated="1676304012365" clover="3.2.0">
  <project timestamp="1676304012365" name="All files">
    <metrics statements="4" coveredstatements="4" conditionals="4" coveredconditionals="4" methods="1" coveredmethods="1" elements="9" coveredelements="9" complexity="0" loc="4" ncloc="4" packages="1" files="1" classes="1"/>
    <file name="sum.js" path="/home/ailton/Área de Trabalho/Trybe/trybe-exercicios/fundamentos/secao07-ES6-TestesUnitarios/dia03-Matchers-Cobertura/Exc-PosAula/sum.js">
      <metrics statements="4" coveredstatements="4" conditionals="4" coveredconditionals="4" methods="1" coveredmethods="1"/>
      <line num="2" count="4" type="cond" truecount="4" falsecount="0"/>
      <line num="3" count="2" type="stmt"/>
      <line num="6" count="2" type="stmt"/>
      <line num="9" count="1" type="stmt"/>
    </file>
  </project>
</coverage>
