{"/home/ailton/Área de Trabalho/Trybe/trybe-exercicios/fundamentos/secao07-ES6-TestesUnitarios/dia03-Matchers-Cobertura/Exc-PosAula/printMessage.js": {"path":"/home/ailton/Área de Trabalho/Trybe/trybe-exercicios/fundamentos/secao07-ES6-TestesUnitarios/dia03-Matchers-Cobertura/Exc-PosAula/printMessage.js","statementMap":{"0":{"start":{"line":1,"column":11},"end":{"line":5,"column":3}},"1":{"start":{"line":7,"column":23},"end":{"line":12,"column":3}},"2":{"start":{"line":8,"column":4},"end":{"line":10,"column":5}},"3":{"start":{"line":9,"column":6},"end":{"line":9,"column":41}},"4":{"start":{"line":11,"column":4},"end":{"line":11,"column":55}},"5":{"start":{"line":14,"column":2},"end":{"line":14,"column":34}},"6":{"start":{"line":16,"column":2},"end":{"line":16,"column":42}}},"fnMap":{"0":{"name":"(anonymous_0)","decl":{"start":{"line":7,"column":23},"end":{"line":7,"column":24}},"loc":{"start":{"line":7,"column":42},"end":{"line":12,"column":3}},"line":7}},"branchMap":{"0":{"loc":{"start":{"line":8,"column":4},"end":{"line":10,"column":5}},"type":"if","locations":[{"start":{"line":8,"column":4},"end":{"line":10,"column":5}},{"start":{},"end":{}}],"line":8},"1":{"loc":{"start":{"line":8,"column":8},"end":{"line":8,"column":64}},"type":"binary-expr","locations":[{"start":{"line":8,"column":8},"end":{"line":8,"column":22}},{"start":{"line":8,"column":26},"end":{"line":8,"column":64}}],"line":8}},"s":{"0":1,"1":1,"2":4,"3":1,"4":3,"5":1,"6":1},"f":{"0":4},"b":{"0":[1,3],"1":[4,4]},"_coverageSchema":"1a1c01bbd47fc00a2c39e90264f33305004495a9","hash":"df60acee411f37f8c40f47f4f3583eb793eba002"}
,"/home/ailton/Área de Trabalho/Trybe/trybe-exercicios/fundamentos/secao07-ES6-TestesUnitarios/dia03-Matchers-Cobertura/Exc-PosAula/sum.js": {"path":"/home/ailton/Área de Trabalho/Trybe/trybe-exercicios/fundamentos/secao07-ES6-TestesUnitarios/dia03-Matchers-Cobertura/Exc-PosAula/sum.js","statementMap":{"0":{"start":{"line":2,"column":4},"end":{"line":4,"column":5}},"1":{"start":{"line":3,"column":6},"end":{"line":3,"column":52}},"2":{"start":{"line":6,"column":4},"end":{"line":6,"column":17}},"3":{"start":{"line":9,"column":0},"end":{"line":9,"column":21}}},"fnMap":{"0":{"name":"sum","decl":{"start":{"line":1,"column":9},"end":{"line":1,"column":12}},"loc":{"start":{"line":1,"column":19},"end":{"line":7,"column":3}},"line":1}},"branchMap":{"0":{"loc":{"start":{"line":2,"column":4},"end":{"line":4,"column":5}},"type":"if","locations":[{"start":{"line":2,"column":4},"end":{"line":4,"column":5}},{"start":{},"end":{}}],"line":2},"1":{"loc":{"start":{"line":2,"column":8},"end":{"line":2,"column":54}},"type":"binary-expr","locations":[{"start":{"line":2,"column":8},"end":{"line":2,"column":29}},{"start":{"line":2,"column":33},"end":{"line":2,"column":54}}],"line":2}},"s":{"0":4,"1":2,"2":2,"3":1},"f":{"0":4},"b":{"0":[2,2],"1":[4,4]},"_coverageSchema":"1a1c01bbd47fc00a2c39e90264f33305004495a9","hash":"1f8a9999dfc449d8d73bf07d29d90a574ab03a54"}
}
